*** EVALUATION ***
ANSI-C/cC++ Compiler for HC12 V-5.0.40 Build 10020, Jan 21 2010

    1:  /* Based on CPU DB MC9S12C32_80, version 2.87.406 (RegistersPrg V2.23) */
    2:  /* DataSheet : 9S12C-FamilyDGV1/D V01.00 */
    3:  
    4:  #include <mc9s12c32.h>
    5:  
    6:  /*lint -save -esym(765, *) */
    7:  
    8:  
    9:  /* * * * *  8-BIT REGISTERS  * * * * * * * * * * * * * * * */
   10:  volatile PORTESTR _PORTE;                                  /* Port E Register; 0x00000008 */
   11:  volatile DDRESTR _DDRE;                                    /* Port E Data Direction Register; 0x00000009 */
   12:  volatile PEARSTR _PEAR;                                    /* Port E Assignment Register; 0x0000000A */
   13:  volatile MODESTR _MODE;                                    /* Mode Register; 0x0000000B */
   14:  volatile PUCRSTR _PUCR;                                    /* Pull-Up Control Register; 0x0000000C */
   15:  volatile RDRIVSTR _RDRIV;                                  /* Reduced Drive of I/O Lines; 0x0000000D */
   16:  volatile EBICTLSTR _EBICTL;                                /* External Bus Interface Control; 0x0000000E */
   17:  volatile INITRMSTR _INITRM;                                /* Initialization of Internal RAM Position Register; 0x00000010 */
   18:  volatile INITRGSTR _INITRG;                                /* Initialization of Internal Registers Position Register; 0x00000011 */
   19:  volatile MISCSTR _MISC;                                    /* Miscellaneous System Control Register; 0x00000013 */
   20:  volatile ITCRSTR _ITCR;                                    /* Interrupt Test Control Register; 0x00000015 */
   21:  volatile ITESTSTR _ITEST;                                  /* Interrupt Test Register; 0x00000016 */
   22:  volatile VREGCTRLSTR _VREGCTRL;                            /* VREG_3V3 - Control Register; 0x00000019 */
   23:  volatile MEMSIZ0STR _MEMSIZ0;                              /* Memory Size Register Zero; 0x0000001C */
   24:  volatile MEMSIZ1STR _MEMSIZ1;                              /* Memory Size Register One; 0x0000001D */
   25:  volatile INTCRSTR _INTCR;                                  /* Interrupt Control Register; 0x0000001E */
   26:  volatile HPRIOSTR _HPRIO;                                  /* Highest Priority I Interrupt; 0x0000001F */
   27:  volatile DBGC1STR _DBGC1;                                  /* Debug Control Register 1; 0x00000020 */
   28:  volatile DBGSCSTR _DBGSC;                                  /* Debug Status and Control Register; 0x00000021 */
   29:  volatile DBGCNTSTR _DBGCNT;                                /* Debug Count Register; 0x00000024 */
   30:  volatile DBGCCXSTR _DBGCCX;                                /* Debug Comparator C Extended Register; 0x00000025 */
   31:  volatile DBGC2STR _DBGC2;                                  /* Debug Control Register 2; 0x00000028 */
   32:  volatile DBGC3STR _DBGC3;                                  /* Debug Control Register 3; 0x00000029 */
   33:  volatile DBGCAXSTR _DBGCAX;                                /* Debug Comparator A Extended Register; 0x0000002A */
   34:  volatile DBGCBXSTR _DBGCBX;                                /* Debug Comparator B Extended Register; 0x0000002D */
   35:  volatile PPAGESTR _PPAGE;                                  /* Page Index Register; 0x00000030 */
   36:  volatile SYNRSTR _SYNR;                                    /* CRG Synthesizer Register; 0x00000034 */
   37:  volatile REFDVSTR _REFDV;                                  /* CRG Reference Divider Register; 0x00000035 */
   38:  volatile CRGFLGSTR _CRGFLG;                                /* CRG Flags Register; 0x00000037 */
   39:  volatile CRGINTSTR _CRGINT;                                /* CRG Interrupt Enable Register; 0x00000038 */
   40:  volatile CLKSELSTR _CLKSEL;                                /* CRG Clock Select Register; 0x00000039 */
   41:  volatile PLLCTLSTR _PLLCTL;                                /* CRG PLL Control Register; 0x0000003A */
   42:  volatile RTICTLSTR _RTICTL;                                /* CRG RTI Control Register; 0x0000003B */
   43:  volatile COPCTLSTR _COPCTL;                                /* CRG COP Control Register; 0x0000003C */
   44:  volatile ARMCOPSTR _ARMCOP;                                /* CRG COP Timer Arm/Reset Register; 0x0000003F */
   45:  volatile TIOSSTR _TIOS;                                    /* Timer Input Capture/Output Compare Select; 0x00000040 */
   46:  volatile CFORCSTR _CFORC;                                  /* Timer Compare Force Register; 0x00000041 */
   47:  volatile OC7MSTR _OC7M;                                    /* Output Compare 7 Mask Register; 0x00000042 */
   48:  volatile OC7DSTR _OC7D;                                    /* Output Compare 7 Data Register; 0x00000043 */
   49:  volatile TSCR1STR _TSCR1;                                  /* Timer System Control Register1; 0x00000046 */
   50:  volatile TTOVSTR _TTOV;                                    /* Timer Toggle On Overflow Register; 0x00000047 */
   51:  volatile TCTL1STR _TCTL1;                                  /* Timer Control Register 1; 0x00000048 */
   52:  volatile TCTL2STR _TCTL2;                                  /* Timer Control Register 2; 0x00000049 */
   53:  volatile TCTL3STR _TCTL3;                                  /* Timer Control Register 3; 0x0000004A */
   54:  volatile TCTL4STR _TCTL4;                                  /* Timer Control Register 4; 0x0000004B */
   55:  volatile TIESTR _TIE;                                      /* Timer Interrupt Enable Register; 0x0000004C */
   56:  volatile TSCR2STR _TSCR2;                                  /* Timer System Control Register 2; 0x0000004D */
   57:  volatile TFLG1STR _TFLG1;                                  /* Main Timer Interrupt Flag 1; 0x0000004E */
   58:  volatile TFLG2STR _TFLG2;                                  /* Main Timer Interrupt Flag 2; 0x0000004F */
   59:  volatile PACTLSTR _PACTL;                                  /* 16-Bit Pulse Accumulator A Control Register; 0x00000060 */
   60:  volatile PAFLGSTR _PAFLG;                                  /* Pulse Accumulator A Flag Register; 0x00000061 */
   61:  volatile ATDSTAT0STR _ATDSTAT0;                            /* ATD Status Register 0; 0x00000086 */
   62:  volatile ATDTEST1STR _ATDTEST1;                            /* ATD Test Register; 0x00000089 */
   63:  volatile ATDSTAT1STR _ATDSTAT1;                            /* ATD Status Register 1; 0x0000008B */
   64:  volatile ATDDIENSTR _ATDDIEN;                              /* ATD Input Enable Register; 0x0000008D */
   65:  volatile PORTAD0STR _PORTAD0;                              /* Port AD0 Register; 0x0000008F */
   66:  volatile SCICR1STR _SCICR1;                                /* SCI Control Register 1; 0x000000CA */
   67:  volatile SCICR2STR _SCICR2;                                /* SCI Control Register 2; 0x000000CB */
   68:  volatile SCISR1STR _SCISR1;                                /* SCI Status Register 1; 0x000000CC */
   69:  volatile SCISR2STR _SCISR2;                                /* SCI Status Register 2; 0x000000CD */
   70:  volatile SCIDRHSTR _SCIDRH;                                /* SCI Data Register High; 0x000000CE */
   71:  volatile SCIDRLSTR _SCIDRL;                                /* SCI Data Register Low; 0x000000CF */
   72:  volatile SPICR1STR _SPICR1;                                /* SPI Control Register; 0x000000D8 */
   73:  volatile SPICR2STR _SPICR2;                                /* SPI Control Register 2; 0x000000D9 */
   74:  volatile SPIBRSTR _SPIBR;                                  /* SPI Baud Rate Register; 0x000000DA */
   75:  volatile SPISRSTR _SPISR;                                  /* SPI Status Register; 0x000000DB */
   76:  volatile SPIDRSTR _SPIDR;                                  /* SPI Data Register; 0x000000DD */
   77:  volatile PWMESTR _PWME;                                    /* PWM Enable Register; 0x000000E0 */
   78:  volatile PWMPOLSTR _PWMPOL;                                /* PWM Polarity Register; 0x000000E1 */
   79:  volatile PWMCLKSTR _PWMCLK;                                /* PWM Clock Select Register; 0x000000E2 */
   80:  volatile PWMPRCLKSTR _PWMPRCLK;                            /* PWM Prescale Clock Select Register; 0x000000E3 */
   81:  volatile PWMCAESTR _PWMCAE;                                /* PWM Center Align Enable Register; 0x000000E4 */
   82:  volatile PWMCTLSTR _PWMCTL;                                /* PWM Control Register; 0x000000E5 */
   83:  volatile PWMSCLASTR _PWMSCLA;                              /* PWM Scale A Register; 0x000000E8 */
   84:  volatile PWMSCLBSTR _PWMSCLB;                              /* PWM Scale B Register; 0x000000E9 */
   85:  volatile PWMSDNSTR _PWMSDN;                                /* PWM Shutdown Register; 0x000000FE */
   86:  volatile FCLKDIVSTR _FCLKDIV;                              /* Flash Clock Divider Register; 0x00000100 */
   87:  volatile FSECSTR _FSEC;                                    /* Flash Security Register; 0x00000101 */
   88:  volatile FCNFGSTR _FCNFG;                                  /* Flash Configuration Register; 0x00000103 */
   89:  volatile FPROTSTR _FPROT;                                  /* Flash Protection Register; 0x00000104 */
   90:  volatile FSTATSTR _FSTAT;                                  /* Flash Status Register; 0x00000105 */
   91:  volatile FCMDSTR _FCMD;                                    /* Flash Command Buffer and Register; 0x00000106 */
   92:  volatile CANCTL0STR _CANCTL0;                              /* MSCAN Control 0 Register; 0x00000140 */
   93:  volatile CANCTL1STR _CANCTL1;                              /* MSCAN Control 1 Register; 0x00000141 */
   94:  volatile CANBTR0STR _CANBTR0;                              /* MSCAN Bus Timing Register 0; 0x00000142 */
   95:  volatile CANBTR1STR _CANBTR1;                              /* MSCAN Bus Timing Register 1; 0x00000143 */
   96:  volatile CANRFLGSTR _CANRFLG;                              /* MSCAN Receiver Flag Register; 0x00000144 */
   97:  volatile CANRIERSTR _CANRIER;                              /* MSCAN Receiver Interrupt Enable Register; 0x00000145 */
   98:  volatile CANTFLGSTR _CANTFLG;                              /* MSCAN Transmitter Flag Register; 0x00000146 */
   99:  volatile CANTIERSTR _CANTIER;                              /* MSCAN Transmitter Interrupt Enable Register; 0x00000147 */
  100:  volatile CANTARQSTR _CANTARQ;                              /* MSCAN Transmitter Message Abort Request; 0x00000148 */
  101:  volatile CANTAAKSTR _CANTAAK;                              /* MSCAN Transmitter Message Abort Control; 0x00000149 */
  102:  volatile CANTBSELSTR _CANTBSEL;                            /* MSCAN Transmit Buffer Selection; 0x0000014A */
  103:  volatile CANIDACSTR _CANIDAC;                              /* MSCAN Identifier Acceptance Control Register; 0x0000014B */
  104:  volatile CANRXERRSTR _CANRXERR;                            /* MSCAN Receive Error Counter Register; 0x0000014E */
  105:  volatile CANTXERRSTR _CANTXERR;                            /* MSCAN Transmit Error Counter Register; 0x0000014F */
  106:  volatile CANIDAR0STR _CANIDAR0;                            /* MSCAN Identifier Acceptance Register 0; 0x00000150 */
  107:  volatile CANIDAR1STR _CANIDAR1;                            /* MSCAN Identifier Acceptance Register 1; 0x00000151 */
  108:  volatile CANIDAR2STR _CANIDAR2;                            /* MSCAN Identifier Acceptance Register 2; 0x00000152 */
  109:  volatile CANIDAR3STR _CANIDAR3;                            /* MSCAN Identifier Acceptance Register 3; 0x00000153 */
  110:  volatile CANIDMR0STR _CANIDMR0;                            /* MSCAN Identifier Mask Register 0; 0x00000154 */
  111:  volatile CANIDMR1STR _CANIDMR1;                            /* MSCAN Identifier Mask Register 1; 0x00000155 */
  112:  volatile CANIDMR2STR _CANIDMR2;                            /* MSCAN Identifier Mask Register 2; 0x00000156 */
  113:  volatile CANIDMR3STR _CANIDMR3;                            /* MSCAN Identifier Mask Register 3; 0x00000157 */
  114:  volatile CANIDAR4STR _CANIDAR4;                            /* MSCAN Identifier Acceptance Register 4; 0x00000158 */
  115:  volatile CANIDAR5STR _CANIDAR5;                            /* MSCAN Identifier Acceptance Register 5; 0x00000159 */
  116:  volatile CANIDAR6STR _CANIDAR6;                            /* MSCAN Identifier Acceptance Register 6; 0x0000015A */
  117:  volatile CANIDAR7STR _CANIDAR7;                            /* MSCAN Identifier Acceptance Register 7; 0x0000015B */
  118:  volatile CANIDMR4STR _CANIDMR4;                            /* MSCAN Identifier Mask Register 4; 0x0000015C */
  119:  volatile CANIDMR5STR _CANIDMR5;                            /* MSCAN Identifier Mask Register 5; 0x0000015D */
  120:  volatile CANIDMR6STR _CANIDMR6;                            /* MSCAN Identifier Mask Register 6; 0x0000015E */
  121:  volatile CANIDMR7STR _CANIDMR7;                            /* MSCAN Identifier Mask Register 7; 0x0000015F */
  122:  volatile CANRXIDR0STR _CANRXIDR0;                          /* MSCAN Receive Identifier Register 0; 0x00000160 */
  123:  volatile CANRXIDR1STR _CANRXIDR1;                          /* MSCAN Receive Identifier Register 1; 0x00000161 */
  124:  volatile CANRXIDR2STR _CANRXIDR2;                          /* MSCAN Receive Identifier Register 2; 0x00000162 */
  125:  volatile CANRXIDR3STR _CANRXIDR3;                          /* MSCAN Receive Identifier Register 3; 0x00000163 */
  126:  volatile CANRXDSR0STR _CANRXDSR0;                          /* MSCAN Receive Data Segment Register 0; 0x00000164 */
  127:  volatile CANRXDSR1STR _CANRXDSR1;                          /* MSCAN Receive Data Segment Register 1; 0x00000165 */
  128:  volatile CANRXDSR2STR _CANRXDSR2;                          /* MSCAN Receive Data Segment Register 2; 0x00000166 */
  129:  volatile CANRXDSR3STR _CANRXDSR3;                          /* MSCAN Receive Data Segment Register 3; 0x00000167 */
  130:  volatile CANRXDSR4STR _CANRXDSR4;                          /* MSCAN Receive Data Segment Register 4; 0x00000168 */
  131:  volatile CANRXDSR5STR _CANRXDSR5;                          /* MSCAN Receive Data Segment Register 5; 0x00000169 */
  132:  volatile CANRXDSR6STR _CANRXDSR6;                          /* MSCAN Receive Data Segment Register 6; 0x0000016A */
  133:  volatile CANRXDSR7STR _CANRXDSR7;                          /* MSCAN Receive Data Segment Register 7; 0x0000016B */
  134:  volatile CANRXDLRSTR _CANRXDLR;                            /* MSCAN Receive Data Length Register; 0x0000016C */
  135:  volatile CANTXIDR0STR _CANTXIDR0;                          /* MSCAN Transmit Identifier Register 0; 0x00000170 */
  136:  volatile CANTXIDR1STR _CANTXIDR1;                          /* MSCAN Transmit Identifier Register 1; 0x00000171 */
  137:  volatile CANTXIDR2STR _CANTXIDR2;                          /* MSCAN Transmit Identifier Register 2; 0x00000172 */
  138:  volatile CANTXIDR3STR _CANTXIDR3;                          /* MSCAN Transmit Identifier Register 3; 0x00000173 */
  139:  volatile CANTXDSR0STR _CANTXDSR0;                          /* MSCAN Transmit Data Segment Register 0; 0x00000174 */
  140:  volatile CANTXDSR1STR _CANTXDSR1;                          /* MSCAN Transmit Data Segment Register 1; 0x00000175 */
  141:  volatile CANTXDSR2STR _CANTXDSR2;                          /* MSCAN Transmit Data Segment Register 2; 0x00000176 */
  142:  volatile CANTXDSR3STR _CANTXDSR3;                          /* MSCAN Transmit Data Segment Register 3; 0x00000177 */
  143:  volatile CANTXDSR4STR _CANTXDSR4;                          /* MSCAN Transmit Data Segment Register 4; 0x00000178 */
  144:  volatile CANTXDSR5STR _CANTXDSR5;                          /* MSCAN Transmit Data Segment Register 5; 0x00000179 */
  145:  volatile CANTXDSR6STR _CANTXDSR6;                          /* MSCAN Transmit Data Segment Register 6; 0x0000017A */
  146:  volatile CANTXDSR7STR _CANTXDSR7;                          /* MSCAN Transmit Data Segment Register 7; 0x0000017B */
  147:  volatile CANTXDLRSTR _CANTXDLR;                            /* MSCAN Transmit Data Length Register; 0x0000017C */
  148:  volatile CANTXTBPRSTR _CANTXTBPR;                          /* MSCAN Transmit Buffer Priority; 0x0000017D */
  149:  volatile PTTSTR _PTT;                                      /* Port T I/O Register; 0x00000240 */
  150:  volatile PTITSTR _PTIT;                                    /* Port T Input Register; 0x00000241 */
  151:  volatile DDRTSTR _DDRT;                                    /* Port T Data Direction Register; 0x00000242 */
  152:  volatile RDRTSTR _RDRT;                                    /* Port T Reduced Drive Register; 0x00000243 */
  153:  volatile PERTSTR _PERT;                                    /* Port T Pull Device Enable Register; 0x00000244 */
  154:  volatile PPSTSTR _PPST;                                    /* Port T Polarity Select Register; 0x00000245 */
  155:  volatile MODRRSTR _MODRR;                                  /* Module Routing Register; 0x00000247 */
  156:  volatile PTSSTR _PTS;                                      /* Port S I/O Register; 0x00000248 */
  157:  volatile PTISSTR _PTIS;                                    /* Port S Input Register; 0x00000249 */
  158:  volatile DDRSSTR _DDRS;                                    /* Port S Data Direction Register; 0x0000024A */
  159:  volatile RDRSSTR _RDRS;                                    /* Port S Reduced Drive Register; 0x0000024B */
  160:  volatile PERSSTR _PERS;                                    /* Port S Pull Device Enable Register; 0x0000024C */
  161:  volatile PPSSSTR _PPSS;                                    /* Port S Polarity Select Register; 0x0000024D */
  162:  volatile WOMSSTR _WOMS;                                    /* Port S Wired-Or Mode Register; 0x0000024E */
  163:  volatile PTMSTR _PTM;                                      /* Port M I/O Register; 0x00000250 */
  164:  volatile PTIMSTR _PTIM;                                    /* Port M Input Register; 0x00000251 */
  165:  volatile DDRMSTR _DDRM;                                    /* Port M Data Direction Register; 0x00000252 */
  166:  volatile RDRMSTR _RDRM;                                    /* Port M Reduced Drive Register; 0x00000253 */
  167:  volatile PERMSTR _PERM;                                    /* Port M Pull Device Enable Register; 0x00000254 */
  168:  volatile PPSMSTR _PPSM;                                    /* Port M Polarity Select Register; 0x00000255 */
  169:  volatile WOMMSTR _WOMM;                                    /* Port M Wired-Or Mode Register; 0x00000256 */
  170:  volatile PTPSTR _PTP;                                      /* Port P I/O Register; 0x00000258 */
  171:  volatile PTIPSTR _PTIP;                                    /* Port P Input Register; 0x00000259 */
  172:  volatile DDRPSTR _DDRP;                                    /* Port P Data Direction Register; 0x0000025A */
  173:  volatile RDRPSTR _RDRP;                                    /* Port P Reduced Drive Register; 0x0000025B */
  174:  volatile PERPSTR _PERP;                                    /* Port P Pull Device Enable Register; 0x0000025C */
  175:  volatile PPSPSTR _PPSP;                                    /* Port P Polarity Select Register; 0x0000025D */
  176:  volatile PIEPSTR _PIEP;                                    /* Port P Interrupt Enable Register; 0x0000025E */
  177:  volatile PIFPSTR _PIFP;                                    /* Port P Interrupt Flag Register; 0x0000025F */
  178:  volatile PTJSTR _PTJ;                                      /* Port J I/O Register; 0x00000268 */
  179:  volatile PTIJSTR _PTIJ;                                    /* Port J Input Register; 0x00000269 */
  180:  volatile DDRJSTR _DDRJ;                                    /* Port J Data Direction Register; 0x0000026A */
  181:  volatile RDRJSTR _RDRJ;                                    /* Port J Reduced Drive Register; 0x0000026B */
  182:  volatile PERJSTR _PERJ;                                    /* Port J Pull Device Enable Register; 0x0000026C */
  183:  volatile PPSJSTR _PPSJ;                                    /* Port J Polarity Select Register; 0x0000026D */
  184:  volatile PIEJSTR _PIEJ;                                    /* Port J Interrupt Enable Register; 0x0000026E */
  185:  volatile PIFJSTR _PIFJ;                                    /* Port J Interrupt Flag Register; 0x0000026F */
  186:  volatile PTADSTR _PTAD;                                    /* Port AD I/O Register; 0x00000270 */
  187:  volatile PTIADSTR _PTIAD;                                  /* Port AD Input Register; 0x00000271 */
  188:  volatile DDRADSTR _DDRAD;                                  /* Port AD Data Direction Register; 0x00000272 */
  189:  volatile RDRADSTR _RDRAD;                                  /* Port AD Reduced Drive Register; 0x00000273 */
  190:  volatile PERADSTR _PERAD;                                  /* Port AD Pull Device Enable Register; 0x00000274 */
  191:  volatile PPSADSTR _PPSAD;                                  /* Port AD Polarity Select Register; 0x00000275 */
  192:  /* NVFPROT0 - macro for reading non volatile register      Non volatile Block 0 Flash Protection Register; 0x0000FF0D */
  193:  /* NVFSEC - macro for reading non volatile register        Non volatile Flash Security Register; 0x0000FF0F */
  194:  
  195:  
  196:  /* * * * *  16-BIT REGISTERS  * * * * * * * * * * * * * * * */
  197:  volatile PORTABSTR _PORTAB;                                /* Port AB Register; 0x00000000 */
  198:  volatile DDRABSTR _DDRAB;                                  /* Port AB Data Direction Register; 0x00000002 */
  199:  volatile PARTIDSTR _PARTID;                                /* Part ID Register; 0x0000001A */
  200:  volatile DBGTBSTR _DBGTB;                                  /* Debug Trace Buffer Register; 0x00000022 */
  201:  volatile DBGCCSTR _DBGCC;                                  /* Debug Comparator C Register; 0x00000026 */
  202:  volatile DBGCASTR _DBGCA;                                  /* Debug Comparator A Register; 0x0000002B */
  203:  volatile DBGCBSTR _DBGCB;                                  /* Debug Comparator B Register; 0x0000002E */
  204:  volatile TCNTSTR _TCNT;                                    /* Timer Count Register; 0x00000044 */
  205:  volatile TC0STR _TC0;                                      /* Timer Input Capture/Output Compare Register 0; 0x00000050 */
  206:  volatile TC1STR _TC1;                                      /* Timer Input Capture/Output Compare Register 1; 0x00000052 */
  207:  volatile TC2STR _TC2;                                      /* Timer Input Capture/Output Compare Register 2; 0x00000054 */
  208:  volatile TC3STR _TC3;                                      /* Timer Input Capture/Output Compare Register 3; 0x00000056 */
  209:  volatile TC4STR _TC4;                                      /* Timer Input Capture/Output Compare Register 4; 0x00000058 */
  210:  volatile TC5STR _TC5;                                      /* Timer Input Capture/Output Compare Register 5; 0x0000005A */
  211:  volatile TC6STR _TC6;                                      /* Timer Input Capture/Output Compare Register 6; 0x0000005C */
  212:  volatile TC7STR _TC7;                                      /* Timer Input Capture/Output Compare Register 7; 0x0000005E */
  213:  volatile PACNTSTR _PACNT;                                  /* Pulse Accumulators Count Register; 0x00000062 */
  214:  volatile ATDCTL23STR _ATDCTL23;                            /* ATD Control Register 23; 0x00000082 */
  215:  volatile ATDCTL45STR _ATDCTL45;                            /* ATD Control Register 45; 0x00000084 */
  216:  volatile ATDDR0STR _ATDDR0;                                /* ATD Conversion Result Register 0; 0x00000090 */
  217:  volatile ATDDR1STR _ATDDR1;                                /* ATD Conversion Result Register 1; 0x00000092 */
  218:  volatile ATDDR2STR _ATDDR2;                                /* ATD Conversion Result Register 2; 0x00000094 */
  219:  volatile ATDDR3STR _ATDDR3;                                /* ATD Conversion Result Register 3; 0x00000096 */
  220:  volatile ATDDR4STR _ATDDR4;                                /* ATD Conversion Result Register 4; 0x00000098 */
  221:  volatile ATDDR5STR _ATDDR5;                                /* ATD Conversion Result Register 5; 0x0000009A */
  222:  volatile ATDDR6STR _ATDDR6;                                /* ATD Conversion Result Register 6; 0x0000009C */
  223:  volatile ATDDR7STR _ATDDR7;                                /* ATD Conversion Result Register 7; 0x0000009E */
  224:  volatile SCIBDSTR _SCIBD;                                  /* SCI Baud Rate Register; 0x000000C8 */
  225:  volatile PWMCNT01STR _PWMCNT01;                            /* PWM Channel Counter 01 Register; 0x000000EC */
  226:  volatile PWMCNT23STR _PWMCNT23;                            /* PWM Channel Counter 23 Register; 0x000000EE */
  227:  volatile PWMCNT45STR _PWMCNT45;                            /* PWM Channel Counter 45 Register; 0x000000F0 */
  228:  volatile PWMPER01STR _PWMPER01;                            /* PWM Channel Period 01 Register; 0x000000F2 */
  229:  volatile PWMPER23STR _PWMPER23;                            /* PWM Channel Period 23 Register; 0x000000F4 */
  230:  volatile PWMPER45STR _PWMPER45;                            /* PWM Channel Period 45 Register; 0x000000F6 */
  231:  volatile PWMDTY01STR _PWMDTY01;                            /* PWM Channel Duty 01 Register; 0x000000F8 */
  232:  volatile PWMDTY23STR _PWMDTY23;                            /* PWM Channel Duty 23 Register; 0x000000FA */
  233:  volatile PWMDTY45STR _PWMDTY45;                            /* PWM Channel Duty 45 Register; 0x000000FC */
  234:  volatile CANRXTSRSTR _CANRXTSR;                            /* MSCAN Receive Time Stamp Register; 0x0000016E */
  235:  volatile CANTXTSRSTR _CANTXTSR;                            /* MSCAN Transmit Time Stamp Register; 0x0000017E */
  236:  /* BAKEY0 - macro for reading non volatile register        Backdoor Access Key 0; 0x0000FF00 */
  237:  /* BAKEY1 - macro for reading non volatile register        Backdoor Access Key 1; 0x0000FF02 */
  238:  /* BAKEY2 - macro for reading non volatile register        Backdoor Access Key 2; 0x0000FF04 */
  239:  /* BAKEY3 - macro for reading non volatile register        Backdoor Access Key 3; 0x0000FF06 */
  240:  
  241:  /*lint -restore */
  242:  
  243:  /* EOF */
  244:  
