*** EVALUATION ***
ANSI-C/cC++ Compiler for HC12 V-5.0.41 Build 10203, Jul 23 2010

    1:  // filename *************Fifo.c********
    2:  // Two-Index implementation of a FIFO
    3:  // Jonathan W. Valvano 8/28/10
    4:  
    5:  //  This example accompanies the books
    6:  //   "Embedded Microcomputer Systems: Real Time Interfacing",
    7:  //        Thompson, copyright (c) 2006,
    8:  //   "Introduction to Embedded Systems: Interfacing to the Freescale 9S12",
    9:  //        Cengage Publishing 2009, ISBN-10: 049541137X | ISBN-13: 9780495411376
   10:  
   11:  // Copyright 2010 by Jonathan W. Valvano, valvano@mail.utexas.edu 
   12:  //    You may use, edit, run or distribute this file 
   13:  //    as long as the above copyright notice remains 
   14:  
   15:  #include "Fifo.h"
   16:  #include "SCI0.h"
   17:  
   18:  
   19:  unsigned short volatile PutI;  // put next
   20:  unsigned short volatile GetI;  // get next
   21:  dataType static Fifo[FIFOSIZE];
   22:  
   23:  // ******* Fifo_Init ********
   24:  // Initialize FIFO, making it empty
   25:  // This function must be called before FIFO is used,
   26:  // Can be called again to empty FIFO
   27:  // Inputs: none
   28:  // Outputs: none
   29:  void Fifo_Init(void){ unsigned char SaveCCR;
*** EVALUATION ***

Function: Fifo_Init
Source  : C:\Users\aaron\Dropbox\EE445L\lab7\ADC_9S12DP512\Sources\FIFO.C
Options : -Cc -CPUHCS12 -D__NO_FLOAT__ -D_HCS12_SERIALMON -Env"GENPATH=C:\Users\aaron\Dropbox\EE445L\lab7\ADC_9S12DP512;C:\Users\aaron\Dropbox\EE445L\lab7\ADC_9S12DP512\bin;C:\Users\aaron\Dropbox\EE445L\lab7\ADC_9S12DP512\prm;C:\Users\aaron\Dropbox\EE445L\lab7\ADC_9S12DP512\cmd;C:\Users\aaron\Dropbox\EE445L\lab7\ADC_9S12DP512\Sources;C:\Program Files (x86)\Freescale\CWS12v5.1\lib\HC12c\lib;C:\Program Files (x86)\Freescale\CWS12v5.1\lib\HC12c\src;C:\Program Files (x86)\Freescale\CWS12v5.1\lib\HC12c\include" -Env"LIBPATH=C:\Program Files (x86)\Freescale\CWS12v5.1\lib\HC12c\include" -EnvOBJPATH=C:\Users\aaron\Dropbox\EE445L\lab7\ADC_9S12DP512\bin -EnvTEXTPATH=C:\Users\aaron\Dropbox\EE445L\lab7\ADC_9S12DP512\bin -Lasm=%n.lst -Ms -ObjN=C:\Users\aaron\Dropbox\EE445L\lab7\ADC_9S12DP512\ADC_9S12DP512_Data\HCS12_Serial_Monitor\ObjectCode\FIFO.C.o

  0000 36           [2]     PSHA  
   30:  asm  tpa  
  0001 b720         [1]     TPA   
   31:  asm  staa SaveCCR 
  0003 6a80         [2]     STAA  0,SP
   32:  asm  sei          // make atomic 
  0005 1410         [1]     SEI   
   33:    PutI = GetI = 0;      // Empty
  0007 c7           [1]     CLRB  
  0008 87           [1]     CLRA  
  0009 7c0000       [3]     STD   GetI
  000c fe0000       [3]     LDX   GetI
  000f 7e0000       [3]     STX   PutI
   34:  asm  ldaa SaveCCR
  0012 a680         [3]     LDAA  0,SP
   35:  asm  tap          // end critical section 
  0014 b702         [1]     TAP   
   36:  }
  0016 32           [3]     PULA  
  0017 3d           [5]     RTS   
   37:  
   38:  // ******* Fifo_Put ********
   39:  // Put data into FIFO
   40:  // Inputs: data to save in FIFO
   41:  // Outputs: FIFOSUCCESS if saved
   42:  //          FIFOFAIL if not saved, because FIFO was full
   43:  int Fifo_Put(dataType data){
*** EVALUATION ***

Function: Fifo_Put
Source  : C:\Users\aaron\Dropbox\EE445L\lab7\ADC_9S12DP512\Sources\FIFO.C
Options : -Cc -CPUHCS12 -D__NO_FLOAT__ -D_HCS12_SERIALMON -Env"GENPATH=C:\Users\aaron\Dropbox\EE445L\lab7\ADC_9S12DP512;C:\Users\aaron\Dropbox\EE445L\lab7\ADC_9S12DP512\bin;C:\Users\aaron\Dropbox\EE445L\lab7\ADC_9S12DP512\prm;C:\Users\aaron\Dropbox\EE445L\lab7\ADC_9S12DP512\cmd;C:\Users\aaron\Dropbox\EE445L\lab7\ADC_9S12DP512\Sources;C:\Program Files (x86)\Freescale\CWS12v5.1\lib\HC12c\lib;C:\Program Files (x86)\Freescale\CWS12v5.1\lib\HC12c\src;C:\Program Files (x86)\Freescale\CWS12v5.1\lib\HC12c\include" -Env"LIBPATH=C:\Program Files (x86)\Freescale\CWS12v5.1\lib\HC12c\include" -EnvOBJPATH=C:\Users\aaron\Dropbox\EE445L\lab7\ADC_9S12DP512\bin -EnvTEXTPATH=C:\Users\aaron\Dropbox\EE445L\lab7\ADC_9S12DP512\bin -Lasm=%n.lst -Ms -ObjN=C:\Users\aaron\Dropbox\EE445L\lab7\ADC_9S12DP512\ADC_9S12DP512_Data\HCS12_Serial_Monitor\ObjectCode\FIFO.C.o

  0000 3b           [2]     PSHD  
   44:    if((PutI-GetI) & ~(FIFOSIZE-1)){
  0001 fc0000       [3]     LDD   PutI
  0004 b30000       [3]     SUBD  GetI
  0007 c4f0         [1]     ANDB  #240
  0009 044403       [3]     TBEQ  D,*+6 ;abs = 000f
   45:      return(FIFOFAIL); // Failed, fifo full
  000c c7           [1]     CLRB  
  000d 2018         [3]     BRA   *+26 ;abs = 0027
   46:    }
   47:    Fifo[PutI&(FIFOSIZE-1)] = data; // put
  000f fc0000       [3]     LDD   PutI
  0012 c40f         [1]     ANDB  #15
  0014 87           [1]     CLRA  
  0015 59           [1]     LSLD  
  0016 ee80         [3]     LDX   0,SP
  0018 b746         [1]     TFR   D,Y
  001a 6eea0000     [3]     STX   Fifo,Y
   48:    PutI++;  // Success, update
  001e fe0000       [3]     LDX   PutI
  0021 08           [1]     INX   
  0022 7e0000       [3]     STX   PutI
   49:    return(FIFOSUCCESS);
  0025 c601         [1]     LDAB  #1
  0027 87           [1]     CLRA  
   50:  }
  0028 30           [3]     PULX  
  0029 3d           [5]     RTS   
   51:  
   52:  
   53:  // ******* Fifo_Get ********
   54:  // Get data from FIFO
   55:  // Inputs: pointer to memory into which to return data
   56:  // Outputs: FIFOSUCCESS if data properly removed
   57:  //          FIFOFAIL if not removed, because FIFO was empty
   58:  int Fifo_Get(dataType *datapt){
*** EVALUATION ***

Function: Fifo_Get
Source  : C:\Users\aaron\Dropbox\EE445L\lab7\ADC_9S12DP512\Sources\FIFO.C
Options : -Cc -CPUHCS12 -D__NO_FLOAT__ -D_HCS12_SERIALMON -Env"GENPATH=C:\Users\aaron\Dropbox\EE445L\lab7\ADC_9S12DP512;C:\Users\aaron\Dropbox\EE445L\lab7\ADC_9S12DP512\bin;C:\Users\aaron\Dropbox\EE445L\lab7\ADC_9S12DP512\prm;C:\Users\aaron\Dropbox\EE445L\lab7\ADC_9S12DP512\cmd;C:\Users\aaron\Dropbox\EE445L\lab7\ADC_9S12DP512\Sources;C:\Program Files (x86)\Freescale\CWS12v5.1\lib\HC12c\lib;C:\Program Files (x86)\Freescale\CWS12v5.1\lib\HC12c\src;C:\Program Files (x86)\Freescale\CWS12v5.1\lib\HC12c\include" -Env"LIBPATH=C:\Program Files (x86)\Freescale\CWS12v5.1\lib\HC12c\include" -EnvOBJPATH=C:\Users\aaron\Dropbox\EE445L\lab7\ADC_9S12DP512\bin -EnvTEXTPATH=C:\Users\aaron\Dropbox\EE445L\lab7\ADC_9S12DP512\bin -Lasm=%n.lst -Ms -ObjN=C:\Users\aaron\Dropbox\EE445L\lab7\ADC_9S12DP512\ADC_9S12DP512_Data\HCS12_Serial_Monitor\ObjectCode\FIFO.C.o

  0000 3b           [2]     PSHD  
   59:    if(PutI == GetI ){
  0001 fc0000       [3]     LDD   PutI
  0004 bc0000       [3]     CPD   GetI
  0007 2603         [3/1]   BNE   *+5 ;abs = 000c
   60:      return(FIFOFAIL); // Empty if PutI=GetI
  0009 c7           [1]     CLRB  
  000a 201a         [3]     BRA   *+28 ;abs = 0026
   61:    }
   62:    *datapt = Fifo[GetI&(FIFOSIZE-1)];
  000c fc0000       [3]     LDD   GetI
  000f c40f         [1]     ANDB  #15
  0011 87           [1]     CLRA  
  0012 59           [1]     LSLD  
  0013 b745         [1]     TFR   D,X
  0015 ece20000     [4]     LDD   Fifo,X
  0019 ee80         [3]     LDX   0,SP
  001b 6c00         [2]     STD   0,X
   63:    GetI++;  // Success, update
  001d fe0000       [3]     LDX   GetI
  0020 08           [1]     INX   
  0021 7e0000       [3]     STX   GetI
   64:    return(FIFOSUCCESS);
  0024 c601         [1]     LDAB  #1
  0026 87           [1]     CLRA  
   65:  }
  0027 30           [3]     PULX  
  0028 3d           [5]     RTS   
   66:  
   67:  // ******* Fifo_Size ********
   68:  // Check the status of the FIFO
   69:  // Inputs: none
   70:  // Outputs: number of elements currently stored
   71:  // 0 to FIFOSIZE (0 means empty, FIFOSIZE means full)
   72:  unsigned short Fifo_Size(void){
*** EVALUATION ***

Function: Fifo_Size
Source  : C:\Users\aaron\Dropbox\EE445L\lab7\ADC_9S12DP512\Sources\FIFO.C
Options : -Cc -CPUHCS12 -D__NO_FLOAT__ -D_HCS12_SERIALMON -Env"GENPATH=C:\Users\aaron\Dropbox\EE445L\lab7\ADC_9S12DP512;C:\Users\aaron\Dropbox\EE445L\lab7\ADC_9S12DP512\bin;C:\Users\aaron\Dropbox\EE445L\lab7\ADC_9S12DP512\prm;C:\Users\aaron\Dropbox\EE445L\lab7\ADC_9S12DP512\cmd;C:\Users\aaron\Dropbox\EE445L\lab7\ADC_9S12DP512\Sources;C:\Program Files (x86)\Freescale\CWS12v5.1\lib\HC12c\lib;C:\Program Files (x86)\Freescale\CWS12v5.1\lib\HC12c\src;C:\Program Files (x86)\Freescale\CWS12v5.1\lib\HC12c\include" -Env"LIBPATH=C:\Program Files (x86)\Freescale\CWS12v5.1\lib\HC12c\include" -EnvOBJPATH=C:\Users\aaron\Dropbox\EE445L\lab7\ADC_9S12DP512\bin -EnvTEXTPATH=C:\Users\aaron\Dropbox\EE445L\lab7\ADC_9S12DP512\bin -Lasm=%n.lst -Ms -ObjN=C:\Users\aaron\Dropbox\EE445L\lab7\ADC_9S12DP512\ADC_9S12DP512_Data\HCS12_Serial_Monitor\ObjectCode\FIFO.C.o

   73:   return ((unsigned short)(PutI-GetI));
  0000 fc0000       [3]     LDD   PutI
  0003 b30000       [3]     SUBD  GetI
   74:  }
  0006 3d           [5]     RTS   
   75:    
   76:  
