*** EVALUATION ***
ANSI-C/cC++ Compiler for HC12 V-5.0.41 Build 10203, Jul 23 2010

    1:  // filename ************ TxFIFOb.C ***************
    2:  // Pointer implementation of a FIFO  
    3:  // Jonathan W. Valvano 10/25/09
    4:  
    5:  //  This example accompanies the books
    6:  //   "Embedded Microcomputer Systems: Real Time Interfacing",
    7:  //        Thompson, copyright (c) 2006,
    8:  //   "Introduction to Embedded Systems: Interfacing to the Freescale 9S12",
    9:  //        Cengage Publishing 2009, ISBN-10: 049541137X | ISBN-13: 9780495411376
   10:  
   11:  // Copyright 2009 by Jonathan W. Valvano, valvano@mail.utexas.edu 
   12:  //    You may use, edit, run or distribute this file 
   13:  //    as long as the above copyright notice remains 
   14:  
   15:  
   16:  #include "TxFifob.h"  
   17:     
   18:  unsigned char static volatile *TxPutPtb;    /* Pointer of where to put next */
   19:  unsigned char static volatile *TxGetPtb;    /* Pointer of where to get next */
   20:                    /* FIFO is empty if PutPt=GetPt */
   21:                    /* FIFO is full  if PutPt+1=GetPt */
   22:  unsigned char static TxFifob[TXFIFOSIZEb];     /* The statically allocated fifo data */
   23:  
   24:  /*-----------------------TxFifob_Init----------------------------
   25:    Initialize fifo to be empty
   26:    Inputs: none
   27:    Outputs: none */
   28:  void TxFifob_Init(void) {unsigned char SaveCCR;
*** EVALUATION ***

Function: TxFifob_Init
Source  : C:\Users\aaron\Dropbox\EE445L\lab10\Lab 10 Wireless Serial Communication\xbee_proj_Tx\Sources\TXFIFOb.C
Options : -Cc -CPUHCS12 -D__NO_FLOAT__ -D_HCS12_SERIALMON -Env"GENPATH=C:\Users\aaron\Dropbox\EE445L\lab10\Lab 10 Wireless Serial Communication\xbee_proj_Tx;C:\Users\aaron\Dropbox\EE445L\lab10\Lab 10 Wireless Serial Communication\xbee_proj_Tx\bin;C:\Users\aaron\Dropbox\EE445L\lab10\Lab 10 Wireless Serial Communication\xbee_proj_Tx\prm;C:\Users\aaron\Dropbox\EE445L\lab10\Lab 10 Wireless Serial Communication\xbee_proj_Tx\cmd;C:\Users\aaron\Dropbox\EE445L\lab10\Lab 10 Wireless Serial Communication\xbee_proj_Tx\Sources;C:\Program Files (x86)\Freescale\CWS12v5.1\lib\HC12c\lib;C:\Program Files (x86)\Freescale\CWS12v5.1\lib\HC12c\src;C:\Users\aaron\Dropbox\EE445L\lab10\Lab 10 Wireless Serial Communication\Lab 10 Rx\Sources;C:\Program Files (x86)\Freescale\CWS12v5.1\lib\HC12c\include" -Env"LIBPATH=C:\Program Files (x86)\Freescale\CWS12v5.1\lib\HC12c\include" -Env"OBJPATH=C:\Users\aaron\Dropbox\EE445L\lab10\Lab 10 Wireless Serial Communication\xbee_proj_Tx\bin" -Env"TEXTPATH=C:\Users\aaron\Dropbox\EE445L\lab10\Lab 10 Wireless Serial Communication\xbee_proj_Tx\bin" -Lasm=%n.lst -Ms -ObjN="C:\Users\aaron\Dropbox\EE445L\lab10\Lab 10 Wireless Serial Communication\xbee_proj_Tx\xbee_proj_Tx_Data\HCS12_Serial_Monitor\ObjectCode\TXFIFOb.C.o"

  0000 36           [2]     PSHA  
   29:  /* save previous interrupt enable */
   30:  asm  tpa  
  0001 b720         [1]     TPA   
   31:  asm  staa SaveCCR 
  0003 6a80         [2]     STAA  0,SP
   32:  asm  sei          /* make atomic */
  0005 1410         [1]     SEI   
   33:    TxPutPtb=TxGetPtb=&TxFifob[0];   /* Empty when TxPutPt==TxGetPt */
  0007 180300000000 [5]     MOVW  #TxFifob,TxGetPtb
  000d fc0000       [3]     LDD   TxGetPtb
  0010 7c0000       [3]     STD   TxPutPtb
   34:  asm  ldaa SaveCCR
  0013 a680         [3]     LDAA  0,SP
   35:  asm  tap          /* end critical section */
  0015 b702         [1]     TAP   
   36:  }
  0017 32           [3]     PULA  
  0018 3d           [5]     RTS   
   37:  
   38:  /*-----------------------TxFifob_Put----------------------------
   39:    Enter one character into the fifo
   40:    Inputs: 8 bit data
   41:    Outputs: true if data is properly saved */
   42:  int TxFifob_Put (unsigned char data) {  
*** EVALUATION ***

Function: TxFifob_Put
Source  : C:\Users\aaron\Dropbox\EE445L\lab10\Lab 10 Wireless Serial Communication\xbee_proj_Tx\Sources\TXFIFOb.C
Options : -Cc -CPUHCS12 -D__NO_FLOAT__ -D_HCS12_SERIALMON -Env"GENPATH=C:\Users\aaron\Dropbox\EE445L\lab10\Lab 10 Wireless Serial Communication\xbee_proj_Tx;C:\Users\aaron\Dropbox\EE445L\lab10\Lab 10 Wireless Serial Communication\xbee_proj_Tx\bin;C:\Users\aaron\Dropbox\EE445L\lab10\Lab 10 Wireless Serial Communication\xbee_proj_Tx\prm;C:\Users\aaron\Dropbox\EE445L\lab10\Lab 10 Wireless Serial Communication\xbee_proj_Tx\cmd;C:\Users\aaron\Dropbox\EE445L\lab10\Lab 10 Wireless Serial Communication\xbee_proj_Tx\Sources;C:\Program Files (x86)\Freescale\CWS12v5.1\lib\HC12c\lib;C:\Program Files (x86)\Freescale\CWS12v5.1\lib\HC12c\src;C:\Users\aaron\Dropbox\EE445L\lab10\Lab 10 Wireless Serial Communication\Lab 10 Rx\Sources;C:\Program Files (x86)\Freescale\CWS12v5.1\lib\HC12c\include" -Env"LIBPATH=C:\Program Files (x86)\Freescale\CWS12v5.1\lib\HC12c\include" -Env"OBJPATH=C:\Users\aaron\Dropbox\EE445L\lab10\Lab 10 Wireless Serial Communication\xbee_proj_Tx\bin" -Env"TEXTPATH=C:\Users\aaron\Dropbox\EE445L\lab10\Lab 10 Wireless Serial Communication\xbee_proj_Tx\bin" -Lasm=%n.lst -Ms -ObjN="C:\Users\aaron\Dropbox\EE445L\lab10\Lab 10 Wireless Serial Communication\xbee_proj_Tx\xbee_proj_Tx_Data\HCS12_Serial_Monitor\ObjectCode\TXFIFOb.C.o"

  0000 6bad         [2]     STAB  3,-SP
   43:  unsigned char volatile *tempPt;
   44:    tempPt = TxPutPtb;
  0002 fe0000       [3]     LDX   TxPutPtb
   45:    tempPt++;                  // place for next time
  0005 08           [1]     INX   
  0006 6e81         [2]     STX   1,SP
   46:    if (tempPt==&TxFifob[TXFIFOSIZEb]){   // need to wrap?
  0008 8e0000       [2]     CPX   #TxFifob:20
  000b 2605         [3/1]   BNE   *+7 ;abs = 0012
   47:      tempPt = &TxFifob[0];
  000d cc0000       [2]     LDD   #TxFifob
  0010 6c81         [2]     STD   1,SP
   48:    }
   49:    if (tempPt == TxGetPtb ){
  0012 fc0000       [3]     LDD   TxGetPtb
  0015 ac81         [3]     CPD   1,SP
  0017 2603         [3/1]   BNE   *+5 ;abs = 001c
   50:      return(0);             // Failed, fifo was full
  0019 c7           [1]     CLRB  
  001a 200d         [3]     BRA   *+15 ;abs = 0029
   51:    }
   52:    else {
   53:      (*TxPutPtb) = data;    // put
  001c e680         [3]     LDAB  0,SP
  001e 6bfb0000     [4]     STAB  [TxPutPtb,PCR]
   54:      TxPutPtb = tempPt;     // Success, so update pointer 
  0022 ec81         [3]     LDD   1,SP
  0024 7c0000       [3]     STD   TxPutPtb
   55:      return(1);
  0027 c601         [1]     LDAB  #1
  0029 87           [1]     CLRA  
   56:    }
   57:  }
  002a 1b83         [2]     LEAS  3,SP
  002c 3d           [5]     RTS   
   58:  
   59:  /*-----------------------TxFifob_Get----------------------------
   60:    Remove one character from the fifo
   61:    Inputs: pointer to place to save 8 bit data
   62:    Outputs: true if data is valid */
   63:  int TxFifob_Get(unsigned char *datapt){
*** EVALUATION ***

Function: TxFifob_Get
Source  : C:\Users\aaron\Dropbox\EE445L\lab10\Lab 10 Wireless Serial Communication\xbee_proj_Tx\Sources\TXFIFOb.C
Options : -Cc -CPUHCS12 -D__NO_FLOAT__ -D_HCS12_SERIALMON -Env"GENPATH=C:\Users\aaron\Dropbox\EE445L\lab10\Lab 10 Wireless Serial Communication\xbee_proj_Tx;C:\Users\aaron\Dropbox\EE445L\lab10\Lab 10 Wireless Serial Communication\xbee_proj_Tx\bin;C:\Users\aaron\Dropbox\EE445L\lab10\Lab 10 Wireless Serial Communication\xbee_proj_Tx\prm;C:\Users\aaron\Dropbox\EE445L\lab10\Lab 10 Wireless Serial Communication\xbee_proj_Tx\cmd;C:\Users\aaron\Dropbox\EE445L\lab10\Lab 10 Wireless Serial Communication\xbee_proj_Tx\Sources;C:\Program Files (x86)\Freescale\CWS12v5.1\lib\HC12c\lib;C:\Program Files (x86)\Freescale\CWS12v5.1\lib\HC12c\src;C:\Users\aaron\Dropbox\EE445L\lab10\Lab 10 Wireless Serial Communication\Lab 10 Rx\Sources;C:\Program Files (x86)\Freescale\CWS12v5.1\lib\HC12c\include" -Env"LIBPATH=C:\Program Files (x86)\Freescale\CWS12v5.1\lib\HC12c\include" -Env"OBJPATH=C:\Users\aaron\Dropbox\EE445L\lab10\Lab 10 Wireless Serial Communication\xbee_proj_Tx\bin" -Env"TEXTPATH=C:\Users\aaron\Dropbox\EE445L\lab10\Lab 10 Wireless Serial Communication\xbee_proj_Tx\bin" -Lasm=%n.lst -Ms -ObjN="C:\Users\aaron\Dropbox\EE445L\lab10\Lab 10 Wireless Serial Communication\xbee_proj_Tx\xbee_proj_Tx_Data\HCS12_Serial_Monitor\ObjectCode\TXFIFOb.C.o"

  0000 3b           [2]     PSHD  
   64:    if (TxPutPtb == TxGetPtb )
  0001 fc0000       [3]     LDD   TxPutPtb
  0004 bc0000       [3]     CPD   TxGetPtb
  0007 2603         [3/1]   BNE   *+5 ;abs = 000c
   65:      return(0);     // Empty if PutPt=GetPt 
  0009 c7           [1]     CLRB  
  000a 201c         [3]     BRA   *+30 ;abs = 0028
   66:    else {
   67:      *datapt = *(TxGetPtb++);
  000c fe0000       [3]     LDX   TxGetPtb
  000f e630         [3]     LDAB  1,X+
  0011 7e0000       [3]     STX   TxGetPtb
  0014 ee80         [3]     LDX   0,SP
  0016 6b00         [2]     STAB  0,X
   68:      if (TxGetPtb==&TxFifob[TXFIFOSIZEb]){ 
  0018 fc0000       [3]     LDD   TxGetPtb
  001b 8c0000       [2]     CPD   #TxFifob:20
  001e 2606         [3/1]   BNE   *+8 ;abs = 0026
   69:        TxGetPtb = &TxFifob[0];
  0020 180300000000 [5]     MOVW  #TxFifob,TxGetPtb
   70:      }
   71:      return(1); 
  0026 c601         [1]     LDAB  #1
  0028 87           [1]     CLRA  
   72:    }
   73:  }
  0029 30           [3]     PULX  
  002a 3d           [5]     RTS   
   74:  
   75:  /*-----------------------TxFifob_Status----------------------------
   76:    Check the status of the fifo
   77:    Inputs: none
   78:    Outputs: true if there is room in the FIFO */
   79:  int TxFifob_Status (void) { 
*** EVALUATION ***

Function: TxFifob_Status
Source  : C:\Users\aaron\Dropbox\EE445L\lab10\Lab 10 Wireless Serial Communication\xbee_proj_Tx\Sources\TXFIFOb.C
Options : -Cc -CPUHCS12 -D__NO_FLOAT__ -D_HCS12_SERIALMON -Env"GENPATH=C:\Users\aaron\Dropbox\EE445L\lab10\Lab 10 Wireless Serial Communication\xbee_proj_Tx;C:\Users\aaron\Dropbox\EE445L\lab10\Lab 10 Wireless Serial Communication\xbee_proj_Tx\bin;C:\Users\aaron\Dropbox\EE445L\lab10\Lab 10 Wireless Serial Communication\xbee_proj_Tx\prm;C:\Users\aaron\Dropbox\EE445L\lab10\Lab 10 Wireless Serial Communication\xbee_proj_Tx\cmd;C:\Users\aaron\Dropbox\EE445L\lab10\Lab 10 Wireless Serial Communication\xbee_proj_Tx\Sources;C:\Program Files (x86)\Freescale\CWS12v5.1\lib\HC12c\lib;C:\Program Files (x86)\Freescale\CWS12v5.1\lib\HC12c\src;C:\Users\aaron\Dropbox\EE445L\lab10\Lab 10 Wireless Serial Communication\Lab 10 Rx\Sources;C:\Program Files (x86)\Freescale\CWS12v5.1\lib\HC12c\include" -Env"LIBPATH=C:\Program Files (x86)\Freescale\CWS12v5.1\lib\HC12c\include" -Env"OBJPATH=C:\Users\aaron\Dropbox\EE445L\lab10\Lab 10 Wireless Serial Communication\xbee_proj_Tx\bin" -Env"TEXTPATH=C:\Users\aaron\Dropbox\EE445L\lab10\Lab 10 Wireless Serial Communication\xbee_proj_Tx\bin" -Lasm=%n.lst -Ms -ObjN="C:\Users\aaron\Dropbox\EE445L\lab10\Lab 10 Wireless Serial Communication\xbee_proj_Tx\xbee_proj_Tx_Data\HCS12_Serial_Monitor\ObjectCode\TXFIFOb.C.o"

   80:  unsigned char volatile *nextPt;
   81:    nextPt = TxPutPtb;
  0000 fe0000       [3]     LDX   TxPutPtb
   82:    nextPt++;                         /* next pointer */
  0003 08           [1]     INX   
  0004 34           [2]     PSHX  
   83:    if (nextPt==&TxFifob[TXFIFOSIZEb]){ /* need to wrap?*/
  0005 8e0000       [2]     CPX   #TxFifob:20
  0008 2605         [3/1]   BNE   *+7 ;abs = 000f
   84:      nextPt = &TxFifob[0];
  000a cc0000       [2]     LDD   #TxFifob
  000d 6c80         [2]     STD   0,SP
   85:    }
   86:    return (nextPt != TxGetPtb);
  000f fc0000       [3]     LDD   TxGetPtb
  0012 ac80         [3]     CPD   0,SP
  0014 2602         [3/1]   BNE   *+4 ;abs = 0018
  0016 c7           [1]     CLRB  
  0017 8f           [2]     SKIP2 
  0018 c601         [1]     LDAB  #1
  001a 87           [1]     CLRA  
   87:  }
  001b 30           [3]     PULX  
  001c 3d           [5]     RTS   
   88:  
